#
# There is insufficient memory for the Java Runtime Environment to continue.
# Native memory allocation (malloc) failed to allocate 32744 bytes for ChunkPool::allocate
# Possible reasons:
#   The system is out of physical RAM or swap space
#   The process is running with CompressedOops enabled, and the Java Heap may be blocking the growth of the native heap
# Possible solutions:
#   Reduce memory load on the system
#   Increase physical memory or swap space
#   Check if swap backing store is full
#   Decrease Java heap size (-Xmx/-Xms)
#   Decrease number of Java threads
#   Decrease Java thread stack sizes (-Xss)
#   Set larger code cache with -XX:ReservedCodeCacheSize=
#   JVM is running with Unscaled Compressed Oops mode in which the Java heap is
#     placed in the first 4GB address space. The Java Heap base address is the
#     maximum limit for the native heap growth. Please use -XX:HeapBaseMinAddress
#     to set the Java Heap base and to place the Java Heap above 4GB virtual address.
# This output file may be truncated or incomplete.
#
#  Out of Memory Error (allocation.cpp:272), pid=760, tid=0x0000000000001844
#
# JRE version: Java(TM) SE Runtime Environment (8.0_281-b09) (build 1.8.0_281-b09)
# Java VM: Java HotSpot(TM) 64-Bit Server VM (25.281-b09 mixed mode windows-amd64 compressed oops)
# Failed to write core dump. Minidumps are not enabled by default on client versions of Windows
#

---------------  T H R E A D  ---------------

Current thread (0x00000177d3c5e000):  JavaThread "C1 CompilerThread1" daemon [_thread_in_native, id=6212, stack(0x0000000f2b900000,0x0000000f2ba00000)]

Stack: [0x0000000f2b900000,0x0000000f2ba00000]
Native frames: (J=compiled Java code, j=interpreted, Vv=VM code, C=native code)
V  [jvm.dll+0x32e5b9]


Current CompileTask:
C1:    536  212       3       java.net.URLStreamHandler::parseURL (1193 bytes)


---------------  P R O C E S S  ---------------

Java Threads: ( => current thread )
  0x00000177bd676000 JavaThread "DestroyJavaVM" [_thread_blocked, id=11752, stack(0x0000000f2b000000,0x0000000f2b100000)]
  0x00000177d461f000 JavaThread "GeccoEngine" [_thread_blocked, id=6592, stack(0x0000000f2bc00000,0x0000000f2bd00000)]
  0x00000177d3c62800 JavaThread "Service Thread" daemon [_thread_blocked, id=1304, stack(0x0000000f2ba00000,0x0000000f2bb00000)]
=>0x00000177d3c5e000 JavaThread "C1 CompilerThread1" daemon [_thread_in_native, id=6212, stack(0x0000000f2b900000,0x0000000f2ba00000)]
  0x00000177d3c03800 JavaThread "C2 CompilerThread0" daemon [_thread_blocked, id=5820, stack(0x0000000f2b800000,0x0000000f2b900000)]
  0x00000177d3c02800 JavaThread "Attach Listener" daemon [_thread_blocked, id=3924, stack(0x0000000f2b700000,0x0000000f2b800000)]
  0x00000177d3c00800 JavaThread "Signal Dispatcher" daemon [_thread_blocked, id=2240, stack(0x0000000f2b600000,0x0000000f2b700000)]
  0x00000177d3715800 JavaThread "Finalizer" daemon [_thread_blocked, id=3720, stack(0x0000000f2b500000,0x0000000f2b600000)]
  0x00000177d3be4000 JavaThread "Reference Handler" daemon [_thread_blocked, id=9716, stack(0x0000000f2b400000,0x0000000f2b500000)]

Other Threads:
  0x00000177d3bc1800 VMThread [stack: 0x0000000f2b300000,0x0000000f2b400000] [id=5292]
  0x00000177d3c7d000 WatcherThread [stack: 0x0000000f2bb00000,0x0000000f2bc00000] [id=3532]

VM state:at safepoint (normal execution)

VM Mutex/Monitor currently owned by a thread:  ([mutex/lock_event])
[0x00000177bd6714c0] Threads_lock - owner thread: 0x00000177d3bc1800
[0x00000177bd6731d0] Heap_lock - owner thread: 0x00000177d461f000

heap address: 0x0000000080000000, size: 2048 MB, Compressed Oops mode: 32-bit
Narrow klass base: 0x0000000000000000, Narrow klass shift: 3
Compressed class space size: 1073741824 Address: 0x0000000100000000

Heap:
 PSYoungGen      total 38400K, used 7400K [0x00000000d5580000, 0x00000000d8000000, 0x0000000100000000)
  eden space 33280K, 22% used [0x00000000d5580000,0x00000000d5cba260,0x00000000d7600000)
  from space 5120K, 0% used [0x00000000d7b00000,0x00000000d7b00000,0x00000000d8000000)
  to   space 5120K, 0% used [0x00000000d7600000,0x00000000d7600000,0x00000000d7b00000)
 ParOldGen       total 87552K, used 0K [0x0000000080000000, 0x0000000085580000, 0x00000000d5580000)
  object space 87552K, 0% used [0x0000000080000000,0x0000000080000000,0x0000000085580000)
 Metaspace       used 5267K, capacity 5440K, committed 5504K, reserved 1060864K
  class space    used 571K, capacity 624K, committed 640K, reserved 1048576K

Card table byte_map: [0x00000177ce360000,0x00000177ce770000] byte_map_base: 0x00000177cdf60000

Marking Bits: (ParMarkBitMap*) 0x000000005ceb6ff0
 Begin Bits: [0x00000177cea20000, 0x00000177d0a20000)
 End Bits:   [0x00000177d0a20000, 0x00000177d2a20000)

Polling page: 0x00000177bd5d0000

CodeCache: size=245760Kb used=1566Kb max_used=1566Kb free=244193Kb
 bounds [0x00000177befa0000, 0x00000177bf210000, 0x00000177cdfa0000]
 total_blobs=476 nmethods=211 adapters=179
 compilation: enabled

Compilation events (10 events):
Event: 0.514 Thread 0x00000177d3c5e000 nmethod 208 0x00000177bf128750 code [0x00000177bf128940, 0x00000177bf129410]
Event: 0.514 Thread 0x00000177d3c5e000  207   !   3       java.util.zip.ZipFile$ZipFileInputStream::close (110 bytes)
Event: 0.514 Thread 0x00000177d3c5e000 nmethod 207 0x00000177bf124990 code [0x00000177bf124b40, 0x00000177bf125360]
Event: 0.514 Thread 0x00000177d3c5e000  209       1       sun.misc.URLClassPath$JarLoader::access$600 (5 bytes)
Event: 0.514 Thread 0x00000177d3c5e000 nmethod 209 0x00000177bf128490 code [0x00000177bf1285e0, 0x00000177bf1286d8]
Event: 0.517 Thread 0x00000177d3c5e000  210       3       java.nio.charset.CharsetDecoder::maxCharsPerByte (5 bytes)
Event: 0.517 Thread 0x00000177d3c5e000 nmethod 210 0x00000177bf128150 code [0x00000177bf1282a0, 0x00000177bf1283f8]
Event: 0.526 Thread 0x00000177d3c5e000  211       3       sun.net.www.protocol.file.Handler::parseURL (18 bytes)
Event: 0.527 Thread 0x00000177d3c5e000 nmethod 211 0x00000177bf127c50 code [0x00000177bf127dc0, 0x00000177bf128040]
Event: 0.527 Thread 0x00000177d3c5e000  212       3       java.net.URLStreamHandler::parseURL (1193 bytes)

GC Heap History (0 events):
No events

Deoptimization events (1 events):
Event: 0.346 Thread 0x00000177bd676000 Uncommon trap: reason=unstable_if action=reinterpret pc=0x00000177bf0d92d4 method=java.lang.String.indexOf(II)I @ 49

Classes redefined (0 events):
No events

Internal exceptions (6 events):
Event: 0.040 Thread 0x00000177bd676000 Exception <a 'java/lang/NoSuchMethodError': Method sun.misc.Unsafe.defineClass(Ljava/lang/String;[BII)Ljava/lang/Class; name or signature does not match> (0x00000000d5587cc0) thrown at [C:\jenkins\workspace\8-2-build-windows-amd64-cygwin\jdk8u281\880\hots
Event: 0.040 Thread 0x00000177bd676000 Exception <a 'java/lang/NoSuchMethodError': Method sun.misc.Unsafe.prefetchRead(Ljava/lang/Object;J)V name or signature does not match> (0x00000000d5587fa8) thrown at [C:\jenkins\workspace\8-2-build-windows-amd64-cygwin\jdk8u281\880\hotspot\src\share\vm\p
Event: 0.192 Thread 0x00000177bd676000 Exception <a 'java/security/PrivilegedActionException'> (0x00000000d5710698) thrown at [C:\jenkins\workspace\8-2-build-windows-amd64-cygwin\jdk8u281\880\hotspot\src\share\vm\prims\jvm.cpp, line 1512]
Event: 0.192 Thread 0x00000177bd676000 Exception <a 'java/security/PrivilegedActionException'> (0x00000000d57108a8) thrown at [C:\jenkins\workspace\8-2-build-windows-amd64-cygwin\jdk8u281\880\hotspot\src\share\vm\prims\jvm.cpp, line 1512]
Event: 0.193 Thread 0x00000177bd676000 Exception <a 'java/security/PrivilegedActionException'> (0x00000000d5713028) thrown at [C:\jenkins\workspace\8-2-build-windows-amd64-cygwin\jdk8u281\880\hotspot\src\share\vm\prims\jvm.cpp, line 1512]
Event: 0.193 Thread 0x00000177bd676000 Exception <a 'java/security/PrivilegedActionException'> (0x00000000d5713238) thrown at [C:\jenkins\workspace\8-2-build-windows-amd64-cygwin\jdk8u281\880\hotspot\src\share\vm\prims\jvm.cpp, line 1512]

Events (10 events):
Event: 0.528 loading class com/google/common/collect/Maps$BiMapConverter done
Event: 0.528 loading class com/google/common/collect/BiMap
Event: 0.528 loading class com/google/common/collect/BiMap done
Event: 0.529 loading class com/google/common/collect/Maps$EntryTransformer
Event: 0.529 loading class com/google/common/collect/Maps$EntryTransformer done
Event: 0.529 loading class com/google/common/collect/UnmodifiableIterator
Event: 0.529 loading class com/google/common/collect/UnmodifiableIterator done
Event: 0.529 loading class com/google/common/collect/Maps$6
Event: 0.529 loading class com/google/common/collect/Maps$6 done
Event: 0.531 Executing VM operation: CollectForMetadataAllocation


Dynamic libraries:
0x00007ff6a0020000 - 0x00007ff6a0067000 	C:\Java\jdk1.8.0_281\bin\javaw.exe
0x00007ff8d57f0000 - 0x00007ff8d59e8000 	C:\windows\SYSTEM32\ntdll.dll
0x00007ff8d44b0000 - 0x00007ff8d456d000 	C:\windows\System32\KERNEL32.DLL
0x00007ff8d32d0000 - 0x00007ff8d359e000 	C:\windows\System32\KERNELBASE.dll
0x00007ff8d5520000 - 0x00007ff8d55ce000 	C:\windows\System32\ADVAPI32.dll
0x00007ff8d3cd0000 - 0x00007ff8d3d6e000 	C:\windows\System32\msvcrt.dll
0x00007ff8d5290000 - 0x00007ff8d532c000 	C:\windows\System32\sechost.dll
0x00007ff8d4fa0000 - 0x00007ff8d50c5000 	C:\windows\System32\RPCRT4.dll
0x00007ff8d46b0000 - 0x00007ff8d4850000 	C:\windows\System32\USER32.dll
0x00007ff8d3820000 - 0x00007ff8d3842000 	C:\windows\System32\win32u.dll
0x00007ff8d5260000 - 0x00007ff8d528a000 	C:\windows\System32\GDI32.dll
0x00007ff8d3130000 - 0x00007ff8d323b000 	C:\windows\System32\gdi32full.dll
0x00007ff8d3700000 - 0x00007ff8d379d000 	C:\windows\System32\msvcp_win.dll
0x00007ff8d2f10000 - 0x00007ff8d3010000 	C:\windows\System32\ucrtbase.dll
0x00007ff8c8690000 - 0x00007ff8c892a000 	C:\windows\WinSxS\amd64_microsoft.windows.common-controls_6595b64144ccf1df_6.0.19041.1110_none_60b5254171f9507e\COMCTL32.dll
0x00007ff8d3930000 - 0x00007ff8d3960000 	C:\windows\System32\IMM32.DLL
0x00007ff8ce940000 - 0x00007ff8ce955000 	C:\Java\jdk1.8.0_281\jre\bin\vcruntime140.dll
0x00007ff8b7f90000 - 0x00007ff8b802b000 	C:\Java\jdk1.8.0_281\jre\bin\msvcp140.dll
0x000000005c6d0000 - 0x000000005cf2f000 	C:\Java\jdk1.8.0_281\jre\bin\server\jvm.dll
0x00007ff8d3960000 - 0x00007ff8d3968000 	C:\windows\System32\PSAPI.DLL
0x00007ff8c70e0000 - 0x00007ff8c70e9000 	C:\windows\SYSTEM32\WSOCK32.dll
0x00007ff8d5350000 - 0x00007ff8d53bb000 	C:\windows\System32\WS2_32.dll
0x00007ff8c70f0000 - 0x00007ff8c7117000 	C:\windows\SYSTEM32\WINMM.dll
0x00007ff8ca840000 - 0x00007ff8ca84a000 	C:\windows\SYSTEM32\VERSION.dll
0x00007ff8d0e30000 - 0x00007ff8d0e42000 	C:\windows\SYSTEM32\kernel.appcore.dll
0x00007ff8cc100000 - 0x00007ff8cc110000 	C:\Java\jdk1.8.0_281\jre\bin\verify.dll
0x00007ff8c1250000 - 0x00007ff8c127b000 	C:\Java\jdk1.8.0_281\jre\bin\java.dll
0x00007ff8c10b0000 - 0x00007ff8c10c8000 	C:\Java\jdk1.8.0_281\jre\bin\zip.dll
0x00007ff8d4850000 - 0x00007ff8d4f94000 	C:\windows\System32\SHELL32.dll
0x00007ff8d1030000 - 0x00007ff8d17c4000 	C:\windows\SYSTEM32\windows.storage.dll
0x00007ff8d3970000 - 0x00007ff8d3cc4000 	C:\windows\System32\combase.dll
0x00007ff8d28a0000 - 0x00007ff8d28d0000 	C:\windows\SYSTEM32\Wldp.dll
0x00007ff8d5630000 - 0x00007ff8d56dd000 	C:\windows\System32\SHCORE.dll
0x00007ff8d55d0000 - 0x00007ff8d5625000 	C:\windows\System32\shlwapi.dll
0x00007ff8d2e50000 - 0x00007ff8d2e6f000 	C:\windows\SYSTEM32\profapi.dll

VM Arguments:
jvm_args: -Dfile.encoding=UTF-8 
java_command: com.weather.brno.BrnoWeather.service.HtmlCrawler
java_class_path (initial): C:\datos\WKS\WKS_IKERTU\BrnoWeather\target\classes;C:\Users\developer\.m2\repository\com\geccocrawler\gecco\1.3.0\gecco-1.3.0.jar;C:\Users\developer\.m2\repository\org\apache\httpcomponents\httpclient\4.5.3\httpclient-4.5.3.jar;C:\Users\developer\.m2\repository\org\apache\httpcomponents\httpcore\4.4.6\httpcore-4.4.6.jar;C:\Users\developer\.m2\repository\commons-logging\commons-logging\1.2\commons-logging-1.2.jar;C:\Users\developer\.m2\repository\commons-codec\commons-codec\1.9\commons-codec-1.9.jar;C:\Users\developer\.m2\repository\org\jsoup\jsoup\1.10.3\jsoup-1.10.3.jar;C:\Users\developer\.m2\repository\org\reflections\reflections\0.9.11\reflections-0.9.11.jar;C:\Users\developer\.m2\repository\org\javassist\javassist\3.21.0-GA\javassist-3.21.0-GA.jar;C:\Users\developer\.m2\repository\com\alibaba\fastjson\1.2.38\fastjson-1.2.38.jar;C:\Users\developer\.m2\repository\cglib\cglib\3.2.5\cglib-3.2.5.jar;C:\Users\developer\.m2\repository\org\ow2\asm\asm\6.0_ALPHA\asm-6.0_ALPHA.jar;C:\Users\developer\.m2\repository\org\apache\ant\ant\1.9.6\ant-1.9.6.jar;C:\Users\developer\.m2\repository\org\apache\ant\ant-launcher\1.9.6\ant-launcher-1.9.6.jar;C:\Users\developer\.m2\repository\org\apache\commons\commons-lang3\3.6\commons-lang3-3.6.jar;C:\Users\developer\.m2\repository\org\mozilla\rhino\1.7.7.2\rhino-1.7.7.2.jar;C:\Users\developer\.m2\repository\org\weakref\jmxutils\1.19\jmxutils-1.19.jar;C:\Users\developer\.m2\repository\com\google\guava\guava\23.0\guava-23.0.jar;C:\Users\developer\.m2\repository\com\google\code\findbugs\jsr305\1.3.9\jsr305-1.3.9.jar;C:\Users\developer\.m2\repository\com\google\errorprone\error_prone_annotations\2.0.18\error_prone_annotations-2.0.18.jar;C:\Users\developer\.m2\repository\com\google\j2objc\j2objc-annotations\1.1\j2objc-annotations-1.1.jar;C:\Users\developer\.m2\repository\org\codehaus\mojo\animal-sniffer-annotations\1.14\animal-sniffer-annotations-1.14.jar;C:\Users\developer\.m2\repository\log4j\log4j\1.2.17\log4j
Launcher Type: SUN_STANDARD

Environment Variables:
JAVA_HOME=C:\Java\jdk1.8.0_281
PATH=C:/datos/software/eclipse//plugins/org.eclipse.justj.openjdk.hotspot.jre.full.win32.x86_64_15.0.1.v20201027-0507/jre/bin/server;C:/datos/software/eclipse//plugins/org.eclipse.justj.openjdk.hotspot.jre.full.win32.x86_64_15.0.1.v20201027-0507/jre/bin;C:\Python39\Scripts\;C:\Python39\;C:\oraclexe\app\oracle\product\11.2.0\server\bin;C:\Program Files (x86)\Common Files\Oracle\Java\javapath;C:\windows\system32;C:\windows;C:\windows\System32\Wbem;C:\windows\System32\WindowsPowerShell\v1.0\;C:\windows\System32\OpenSSH\;C:\Java\jdk1.8.0_281\bin;C:\datos\software\maven\apache-maven-3.6.3\bin;C:\Program Files\PuTTY\;C:\Program Files\TortoiseSVN\bin;C:\Program Files\nodejs\;C:\ProgramData\chocolatey\bin;C:\datos\software\gradle\gradle-7.0\bin;C:\Program Files (x86)\Pulse Secure\VC142.CRT\X64\;C:\Program Files (x86)\Pulse Secure\VC142.CRT\X86\;C:\Users\developer\AppData\Local\Microsoft\WindowsApps;C:\Users\developer\AppData\Local\Programs\Git\cmd;C:\Users\developer\AppData\Local\Programs\Microsoft VS Code\bin;C:\Users\developer\AppData\Roaming\npm;C:\datos\software\eclipse;
USERNAME=developer
OS=Windows_NT
PROCESSOR_IDENTIFIER=Intel64 Family 6 Model 79 Stepping 1, GenuineIntel



---------------  S Y S T E M  ---------------

OS: Windows 10.0 , 64 bit Build 19041 (10.0.19041.1889)

CPU:total 2 (initial active 2) (2 cores per cpu, 1 threads per core) family 6 model 79 stepping 1, cmov, cx8, fxsr, mmx, sse, sse2, sse3, ssse3, sse4.1, sse4.2, popcnt, avx, avx2, aes, clmul, erms, rtm, 3dnowpref, lzcnt, tsc, bmi1, bmi2, adx

Memory: 4k page, physical 8387460k(1434552k free), swap 10484352k(5136k free)

vm_info: Java HotSpot(TM) 64-Bit Server VM (25.281-b09) for windows-amd64 JRE (1.8.0_281-b09), built on Dec  9 2020 13:54:07 by "" with MS VC++ 15.9 (VS2017)

time: Sun Aug 28 18:54:06 2022
timezone: Romance Daylight Time
elapsed time: 0.541544 seconds (0d 0h 0m 0s)

